{
  "stats": {
    "suites": 7,
    "tests": 26,
    "passes": 26,
    "pending": 0,
    "failures": 0,
    "start": "2024-02-19T03:55:56.973Z",
    "end": "2024-02-19T03:56:03.901Z",
    "duration": 6928,
    "testsRegistered": 26,
    "passPercent": 100,
    "pendingPercent": 0,
    "other": 0,
    "hasOther": false,
    "skipped": 0,
    "hasSkipped": false
  },
  "results": [
    {
      "uuid": "7c294049-44a4-49aa-9e4f-4317928af0f9",
      "title": "",
      "fullFile": "",
      "file": "",
      "beforeHooks": [],
      "afterHooks": [],
      "tests": [],
      "suites": [
        {
          "uuid": "d94840c7-50e9-4fe8-abae-8f843ffd2a41",
          "title": "Login account",
          "fullFile": "C:\\Users\\LENOVO\\Desktop\\API_Mocha\\KasirAja\\allmodules.js",
          "file": "\\KasirAja\\allmodules.js",
          "beforeHooks": [],
          "afterHooks": [],
          "tests": [
            {
              "title": "login with data valid",
              "fullTitle": "Login account login with data valid",
              "timedOut": false,
              "duration": 831,
              "state": "passed",
              "speed": "slow",
              "pass": true,
              "fail": false,
              "pending": false,
              "context": null,
              "code": "const response = await request (baseUrlKasirAja)\n.post('/authentications')\n.send(db)\nexpect((await response).status).to.equal(201)\nexpect((await response).body.message).to.equal('Authentication berhasil ditambahkan')\n\n  globalToken = ((await response).body.data.accessToken)",
              "err": {},
              "uuid": "4babec0e-a822-4a16-8316-e10d53803a56",
              "parentUUID": "d94840c7-50e9-4fe8-abae-8f843ffd2a41",
              "isHook": false,
              "skipped": false
            }
          ],
          "suites": [],
          "passes": [
            "4babec0e-a822-4a16-8316-e10d53803a56"
          ],
          "failures": [],
          "pending": [],
          "skipped": [],
          "duration": 831,
          "root": false,
          "rootEmpty": false,
          "_timeout": 2000
        },
        {
          "uuid": "6747fafe-e114-404d-a21a-28ff514f713e",
          "title": "User",
          "fullFile": "C:\\Users\\LENOVO\\Desktop\\API_Mocha\\KasirAja\\allmodules.js",
          "file": "\\KasirAja\\allmodules.js",
          "beforeHooks": [],
          "afterHooks": [],
          "tests": [
            {
              "title": "Create user with data valid",
              "fullTitle": "User Create user with data valid",
              "timedOut": false,
              "duration": 703,
              "state": "passed",
              "speed": "slow",
              "pass": true,
              "fail": false,
              "pending": false,
              "context": null,
              "code": "const response = await request(baseUrlKasirAja)\n.post('/users')\n.set('Authorization',`Bearer ${globalToken}`)\n.send(users)\n// console.log(data);\nexpect((await response).body.message).to.have.equal(\"User berhasil ditambahkan\")\nexpect((await response).status).to.equal(201)",
              "err": {},
              "uuid": "c563fbf1-eb10-411b-855c-ef483643dc6d",
              "parentUUID": "6747fafe-e114-404d-a21a-28ff514f713e",
              "isHook": false,
              "skipped": false
            },
            {
              "title": "Get user list",
              "fullTitle": "User Get user list",
              "timedOut": false,
              "duration": 235,
              "state": "passed",
              "speed": "slow",
              "pass": true,
              "fail": false,
              "pending": false,
              "context": null,
              "code": "const response = await request(baseUrlKasirAja)\n.get('/users')\n.set('Authorization',`Bearer ${globalToken}`)\n\n// console.log(data);\nexpect((await response).status).to.equal(200)\nexpect((await response).body.status).to.have.equal(\"success\")",
              "err": {},
              "uuid": "6b7b52bd-1b4a-42d0-ad7d-01df44640cd0",
              "parentUUID": "6747fafe-e114-404d-a21a-28ff514f713e",
              "isHook": false,
              "skipped": false
            },
            {
              "title": "Update user",
              "fullTitle": "User Update user",
              "timedOut": false,
              "duration": 212,
              "state": "passed",
              "speed": "slow",
              "pass": true,
              "fail": false,
              "pending": false,
              "context": null,
              "code": "const updateUser = {\n    \"name\": \"update-user\",\n    \"email\": \"user@example.com\"\n}\n    \nconst response = await request(baseUrlKasirAja)\n.put('/users/576ed8d3-c65c-48bf-bb6b-ad865c18d528')\n.set('Authorization',`Bearer ${globalToken}`)\n.send(updateUser)\n// console.log(data);\nexpect((await response).status).to.equal(200)\nexpect((await response).body.status).to.have.equal(\"success\")",
              "err": {},
              "uuid": "64b4fb55-f268-425a-946b-7dec9ab3bbe1",
              "parentUUID": "6747fafe-e114-404d-a21a-28ff514f713e",
              "isHook": false,
              "skipped": false
            },
            {
              "title": "Delete user",
              "fullTitle": "User Delete user",
              "timedOut": false,
              "duration": 230,
              "state": "passed",
              "speed": "slow",
              "pass": true,
              "fail": false,
              "pending": false,
              "context": null,
              "code": "const response = await request(baseUrlKasirAja)\n    .delete('/users/576ed8d3-c65c-48bf-bb6b-ad865c18d528')\n    .set('Authorization',`Bearer ${globalToken}`)\n\n    // console.log(data);\n    expect((await response).status).to.equal(200)\n    expect((await response).body.status).to.have.equal(\"success\")",
              "err": {},
              "uuid": "3dfcdf6e-bb4b-4667-b3de-632ad364f9ee",
              "parentUUID": "6747fafe-e114-404d-a21a-28ff514f713e",
              "isHook": false,
              "skipped": false
            }
          ],
          "suites": [],
          "passes": [
            "c563fbf1-eb10-411b-855c-ef483643dc6d",
            "6b7b52bd-1b4a-42d0-ad7d-01df44640cd0",
            "64b4fb55-f268-425a-946b-7dec9ab3bbe1",
            "3dfcdf6e-bb4b-4667-b3de-632ad364f9ee"
          ],
          "failures": [],
          "pending": [],
          "skipped": [],
          "duration": 1380,
          "root": false,
          "rootEmpty": false,
          "_timeout": 2000
        },
        {
          "uuid": "5448b52d-6586-489c-bc71-dbde0885cafd",
          "title": "Customers",
          "fullFile": "C:\\Users\\LENOVO\\Desktop\\API_Mocha\\KasirAja\\allmodules.js",
          "file": "\\KasirAja\\allmodules.js",
          "beforeHooks": [],
          "afterHooks": [],
          "tests": [
            {
              "title": "add customer",
              "fullTitle": "Customers add customer",
              "timedOut": false,
              "duration": 178,
              "state": "passed",
              "speed": "slow",
              "pass": true,
              "fail": false,
              "pending": false,
              "context": null,
              "code": "const addCustomers = {\n    \"name\": \"Anthony\",\n    \"phone\": \"081234567890\",\n    \"address\": \"Bandoeng\",\n    \"description\": \"Budi anak Pak Edi\"\n }\nconst response = await request(baseUrlKasirAja)\n.post('/customers')\n.set('Authorization', `Bearer ${globalToken}`)\n.send(addCustomers)\n  \nexpect((await response).status).to.equal(201)\nexpect((await response).body.status).to.equal('success')\nexpect((await response).body.message).to.equal('Customer berhasil ditambahkan')\ncustomersID = ((await response).body.data.customerId)\nexpect((await response).body.data.name).to.equal(addCustomers.name)\nconsole.log(customersID);",
              "err": {},
              "uuid": "5077da69-c0e6-4e0d-9268-3ee8ddf01f36",
              "parentUUID": "5448b52d-6586-489c-bc71-dbde0885cafd",
              "isHook": false,
              "skipped": false
            },
            {
              "title": "Get customer detail",
              "fullTitle": "Customers Get customer detail",
              "timedOut": false,
              "duration": 205,
              "state": "passed",
              "speed": "slow",
              "pass": true,
              "fail": false,
              "pending": false,
              "context": null,
              "code": "const response = await request(baseUrlKasirAja)\n.get(`/customers/${customersID}`)\n.set('Authorization', `Bearer ${globalToken}`)\n  \nconsole.log((await response).body);\nexpect((await response).status).to.equal(200)\nexpect((await response).body.status).to.equal('success')",
              "err": {},
              "uuid": "8cb24b9a-2243-42a7-9533-21206ab676ea",
              "parentUUID": "5448b52d-6586-489c-bc71-dbde0885cafd",
              "isHook": false,
              "skipped": false
            },
            {
              "title": "Update customer ",
              "fullTitle": "Customers Update customer ",
              "timedOut": false,
              "duration": 229,
              "state": "passed",
              "speed": "slow",
              "pass": true,
              "fail": false,
              "pending": false,
              "context": null,
              "code": "let updateCustomer = {\n  \"name\": \"Budi Updated\",\n  \"phone\": \"08987654321\",\n  \"address\": \"Bandung\",\n  \"description\": \"Pelanggan VIP\"\n     }\n     \nconst response = await request(baseUrlKasirAja)\n.put(`/customers/${customersID}`)\n.set('Authorization', `Bearer ${globalToken}`)\n.send(updateCustomer)\n  \nconsole.log((await response).body);\nexpect((await response).status).to.equal(200)\nexpect((await response).body.status).to.equal('success')",
              "err": {},
              "uuid": "f359cf1f-3803-41f2-8890-bab70291af5d",
              "parentUUID": "5448b52d-6586-489c-bc71-dbde0885cafd",
              "isHook": false,
              "skipped": false
            },
            {
              "title": "Delete customer ",
              "fullTitle": "Customers Delete customer ",
              "timedOut": false,
              "duration": 209,
              "state": "passed",
              "speed": "slow",
              "pass": true,
              "fail": false,
              "pending": false,
              "context": null,
              "code": "const response = await request(baseUrlKasirAja)\n.delete(`/customers/${customersID}`)\n.set('Authorization', `Bearer ${globalToken}`)\n  \nconsole.log((await response).body);\nexpect((await response).status).to.equal(200)\nexpect((await response).body.status).to.equal('success')",
              "err": {},
              "uuid": "55c1dd95-bead-49b5-9cf6-22ab0056584f",
              "parentUUID": "5448b52d-6586-489c-bc71-dbde0885cafd",
              "isHook": false,
              "skipped": false
            }
          ],
          "suites": [],
          "passes": [
            "5077da69-c0e6-4e0d-9268-3ee8ddf01f36",
            "8cb24b9a-2243-42a7-9533-21206ab676ea",
            "f359cf1f-3803-41f2-8890-bab70291af5d",
            "55c1dd95-bead-49b5-9cf6-22ab0056584f"
          ],
          "failures": [],
          "pending": [],
          "skipped": [],
          "duration": 821,
          "root": false,
          "rootEmpty": false,
          "_timeout": 2000
        },
        {
          "uuid": "f2867525-cb36-49f5-a8ce-2b50466b4240",
          "title": "Units",
          "fullFile": "C:\\Users\\LENOVO\\Desktop\\API_Mocha\\KasirAja\\allmodules.js",
          "file": "\\KasirAja\\allmodules.js",
          "beforeHooks": [],
          "afterHooks": [],
          "tests": [
            {
              "title": "Add unit",
              "fullTitle": "Units Add unit",
              "timedOut": false,
              "duration": 183,
              "state": "passed",
              "speed": "slow",
              "pass": true,
              "fail": false,
              "pending": false,
              "context": null,
              "code": "const unit = {  \n    \"name\": \"kilogram\",\n    \"description\": \"heavy measurement\"}\nconst response = await request(baseUrlKasirAja)\n.post('/units')\n.set('Authorization', `Bearer ${globalToken}`)\n.send(unit)\n  \nexpect((await response).status).to.equal(201)\nexpect((await response).body.message).to.equal('Unit berhasil ditambahkan')",
              "err": {},
              "uuid": "629702d2-935f-477e-a754-346aaea3734c",
              "parentUUID": "f2867525-cb36-49f5-a8ce-2b50466b4240",
              "isHook": false,
              "skipped": false
            },
            {
              "title": "Get unit list",
              "fullTitle": "Units Get unit list",
              "timedOut": false,
              "duration": 228,
              "state": "passed",
              "speed": "slow",
              "pass": true,
              "fail": false,
              "pending": false,
              "context": null,
              "code": "const response = await request(baseUrlKasirAja)\n.get('/units')\n.set('Authorization', `Bearer ${globalToken}`)\n  \nexpect((await response).status).to.equal(200)",
              "err": {},
              "uuid": "b6a647af-5257-4cb4-bf9e-e891b08da7df",
              "parentUUID": "f2867525-cb36-49f5-a8ce-2b50466b4240",
              "isHook": false,
              "skipped": false
            },
            {
              "title": "Update unit",
              "fullTitle": "Units Update unit",
              "timedOut": false,
              "duration": 221,
              "state": "passed",
              "speed": "slow",
              "pass": true,
              "fail": false,
              "pending": false,
              "context": null,
              "code": "const unit = {  \n    \"name\": \"update-saya\",\n    \"description\": \"sudah terupdate\"}\nconst response = await request(baseUrlKasirAja)\n.put('/units/8e950241-a6f3-42bb-9710-4636712fd847')\n.set('Authorization', `Bearer ${globalToken}`)\n.send(unit)\n  \nexpect((await response).status).to.equal(200)\nexpect((await response).body.status).to.equal('success')",
              "err": {},
              "uuid": "e4ef0f88-32eb-412d-8164-593722be4f69",
              "parentUUID": "f2867525-cb36-49f5-a8ce-2b50466b4240",
              "isHook": false,
              "skipped": false
            },
            {
              "title": "Delete unit",
              "fullTitle": "Units Delete unit",
              "timedOut": false,
              "duration": 182,
              "state": "passed",
              "speed": "slow",
              "pass": true,
              "fail": false,
              "pending": false,
              "context": null,
              "code": "const response = await request(baseUrlKasirAja)\n.delete('/units/811f547e-a24e-4f94-bfe1-b7ed7d11c03f')\n.set('Authorization', `Bearer ${globalToken}`)\nexpect((await response).status).to.equal(200)",
              "err": {},
              "uuid": "9b9f11a8-1405-4608-b1e2-8577fcabf3c4",
              "parentUUID": "f2867525-cb36-49f5-a8ce-2b50466b4240",
              "isHook": false,
              "skipped": false
            }
          ],
          "suites": [],
          "passes": [
            "629702d2-935f-477e-a754-346aaea3734c",
            "b6a647af-5257-4cb4-bf9e-e891b08da7df",
            "e4ef0f88-32eb-412d-8164-593722be4f69",
            "9b9f11a8-1405-4608-b1e2-8577fcabf3c4"
          ],
          "failures": [],
          "pending": [],
          "skipped": [],
          "duration": 814,
          "root": false,
          "rootEmpty": false,
          "_timeout": 2000
        },
        {
          "uuid": "9cc806bb-6086-45fd-9cf4-bafeb1725f87",
          "title": "Product",
          "fullFile": "C:\\Users\\LENOVO\\Desktop\\API_Mocha\\KasirAja\\allmodules.js",
          "file": "\\KasirAja\\allmodules.js",
          "beforeHooks": [],
          "afterHooks": [],
          "tests": [
            {
              "title": "Add product",
              "fullTitle": "Product Add product",
              "timedOut": false,
              "duration": 229,
              "state": "passed",
              "speed": "slow",
              "pass": true,
              "fail": false,
              "pending": false,
              "context": null,
              "code": "const response = await request(baseUrlKasirAja)\n.post('/products')\n.set('Authorization', `Bearer ${globalToken}`)\n.send(addProduct)\n productID = ((await response).body.data.productId)\n expect((await response).status).to.equal(201)\n expect((await response).body.status).to.equal('success')\n expect((await response).body.message).to.equal('Product berhasil ditambahkan')\nconsole.log((await response).body);",
              "err": {},
              "uuid": "e56d6c76-e54a-4990-b681-6ef8e0c10b6d",
              "parentUUID": "9cc806bb-6086-45fd-9cf4-bafeb1725f87",
              "isHook": false,
              "skipped": false
            },
            {
              "title": "Get product Detail",
              "fullTitle": "Product Get product Detail",
              "timedOut": false,
              "duration": 222,
              "state": "passed",
              "speed": "slow",
              "pass": true,
              "fail": false,
              "pending": false,
              "context": null,
              "code": "const response = await request(baseUrlKasirAja)\n.get(`/products/${productID}`)\n.set('Authorization', `Bearer ${globalToken}`)\nexpect((await response).status).to.equal(200)\nexpect((await response).body.status).to.equal('success')\nexpect((await response).body.data.product.name).to.equal(addProduct.name)\nconsole.log((await response).body);",
              "err": {},
              "uuid": "ba826ab5-72da-4f8e-8bd8-daa54e37356d",
              "parentUUID": "9cc806bb-6086-45fd-9cf4-bafeb1725f87",
              "isHook": false,
              "skipped": false
            },
            {
              "title": "Update product",
              "fullTitle": "Product Update product",
              "timedOut": false,
              "duration": 195,
              "state": "passed",
              "speed": "slow",
              "pass": true,
              "fail": false,
              "pending": false,
              "context": null,
              "code": "const response = await request(baseUrlKasirAja)\n.put(`/products/${productID}`)\n.set('Authorization', `Bearer ${globalToken}`)\n.send(updateProduct)\nexpect((await response).status).to.equal(200)\nexpect((await response).body.status).to.equal('success')\nexpect((await response).body.message).to.equal('Product berhasil diupdate')\nexpect((await response).body.data.name).to.equal(updateProduct.name)\nconsole.log((await response).body.data.name);",
              "err": {},
              "uuid": "186ef8a8-2593-4550-9a23-be7c6a8fd95a",
              "parentUUID": "9cc806bb-6086-45fd-9cf4-bafeb1725f87",
              "isHook": false,
              "skipped": false
            },
            {
              "title": "Delete product",
              "fullTitle": "Product Delete product",
              "timedOut": false,
              "duration": 196,
              "state": "passed",
              "speed": "slow",
              "pass": true,
              "fail": false,
              "pending": false,
              "context": null,
              "code": "const response = await request(baseUrlKasirAja)\n.delete(`/products/${productID}`)\n.set('Authorization', `Bearer ${globalToken}`)\nexpect((await response).status).to.equal(200)\nexpect((await response).body.status).to.equal('success')\nexpect((await response).body.message).to.equal('Product berhasil dihapus')",
              "err": {},
              "uuid": "ae127399-7cf8-4650-81de-2818fe05a684",
              "parentUUID": "9cc806bb-6086-45fd-9cf4-bafeb1725f87",
              "isHook": false,
              "skipped": false
            }
          ],
          "suites": [],
          "passes": [
            "e56d6c76-e54a-4990-b681-6ef8e0c10b6d",
            "ba826ab5-72da-4f8e-8bd8-daa54e37356d",
            "186ef8a8-2593-4550-9a23-be7c6a8fd95a",
            "ae127399-7cf8-4650-81de-2818fe05a684"
          ],
          "failures": [],
          "pending": [],
          "skipped": [],
          "duration": 842,
          "root": false,
          "rootEmpty": false,
          "_timeout": 2000
        },
        {
          "uuid": "669b3e28-c81d-42a5-8ec7-ad60c3983b5f",
          "title": "Add Category",
          "fullFile": "C:\\Users\\LENOVO\\Desktop\\API_Mocha\\KasirAja\\allmodules.js",
          "file": "\\KasirAja\\allmodules.js",
          "beforeHooks": [],
          "afterHooks": [],
          "tests": [
            {
              "title": "Add category",
              "fullTitle": "Add Category Add category",
              "timedOut": false,
              "duration": 249,
              "state": "passed",
              "speed": "slow",
              "pass": true,
              "fail": false,
              "pending": false,
              "context": null,
              "code": "const categories = {\n  \"name\": \"Tanggo Wafer\",\n  \"description\": \"Wafer Cokelat\"\n};\n  \nconst response = await request(baseUrlKasirAja)\n  .post('/categories')\n  .set('Authorization', `Bearer ${globalToken}`)\n  .send(categories);\n  \nexpect(response.status).to.equal(201);\nexpect(response.body.status).to.equal('success');\nexpect(response.body.message).to.equal('Category berhasil ditambahkan');\ncategoryID = response.body.data.categoryId;\nexpect(response.body.data.name).to.equal(categories.name);",
              "err": {},
              "uuid": "9a79a210-2235-4e3c-9eef-3bfbb58e2616",
              "parentUUID": "669b3e28-c81d-42a5-8ec7-ad60c3983b5f",
              "isHook": false,
              "skipped": false
            },
            {
              "title": "Get category list",
              "fullTitle": "Add Category Get category list",
              "timedOut": false,
              "duration": 244,
              "state": "passed",
              "speed": "slow",
              "pass": true,
              "fail": false,
              "pending": false,
              "context": null,
              "code": "const response = await request(baseUrlKasirAja)\n  .get('/categories')\n  .set('Authorization', `Bearer ${globalToken}`);\n  \nexpect(response.status).to.equal(200);",
              "err": {},
              "uuid": "66a82b46-4cf1-4f04-b55e-afa89cd4d0be",
              "parentUUID": "669b3e28-c81d-42a5-8ec7-ad60c3983b5f",
              "isHook": false,
              "skipped": false
            },
            {
              "title": "Update category list",
              "fullTitle": "Add Category Update category list",
              "timedOut": false,
              "duration": 221,
              "state": "passed",
              "speed": "slow",
              "pass": true,
              "fail": false,
              "pending": false,
              "context": null,
              "code": "const dataupdate = {\n  \"name\": \"update-minuman\",\n  \"description\": \"no-minuman\"\n};\nconst response = await request(baseUrlKasirAja)\n  .put(`/categories/${categoryID}`)\n  .set('Authorization', `Bearer ${globalToken}`)\n  .send(dataupdate);\n  \nconsole.log((await response).body);\nexpect(response.status).to.equal(200);\nexpect(response.body.status).to.equal('success');\nexpect(response.body.data.name).to.equal(dataupdate.name);",
              "err": {},
              "uuid": "1e316fab-2e5a-4a3e-9a4f-34e59aad39a2",
              "parentUUID": "669b3e28-c81d-42a5-8ec7-ad60c3983b5f",
              "isHook": false,
              "skipped": false
            },
            {
              "title": "Delete category list",
              "fullTitle": "Add Category Delete category list",
              "timedOut": false,
              "duration": 213,
              "state": "passed",
              "speed": "slow",
              "pass": true,
              "fail": false,
              "pending": false,
              "context": null,
              "code": "const response = await request(baseUrlKasirAja)\n  .delete(`/categories/${categoryID}`)\n  .set('Authorization', `Bearer ${globalToken}`)\nconsole.log((await response).body);\nexpect(response.status).to.equal(200);\nexpect(response.body.status).to.equal('success');",
              "err": {},
              "uuid": "52260d95-3d66-4c33-a7dd-cc60d0bd2527",
              "parentUUID": "669b3e28-c81d-42a5-8ec7-ad60c3983b5f",
              "isHook": false,
              "skipped": false
            }
          ],
          "suites": [],
          "passes": [
            "9a79a210-2235-4e3c-9eef-3bfbb58e2616",
            "66a82b46-4cf1-4f04-b55e-afa89cd4d0be",
            "1e316fab-2e5a-4a3e-9a4f-34e59aad39a2",
            "52260d95-3d66-4c33-a7dd-cc60d0bd2527"
          ],
          "failures": [],
          "pending": [],
          "skipped": [],
          "duration": 927,
          "root": false,
          "rootEmpty": false,
          "_timeout": 2000
        },
        {
          "uuid": "54a2e23f-3650-4f87-b53c-66443455ebe4",
          "title": "Transaction",
          "fullFile": "C:\\Users\\LENOVO\\Desktop\\API_Mocha\\KasirAja\\allmodules.js",
          "file": "\\KasirAja\\allmodules.js",
          "beforeHooks": [],
          "afterHooks": [],
          "tests": [
            {
              "title": "Add sales",
              "fullTitle": "Transaction Add sales",
              "timedOut": false,
              "duration": 218,
              "state": "passed",
              "speed": "slow",
              "pass": true,
              "fail": false,
              "pending": false,
              "context": null,
              "code": "const response = await request(baseUrlKasirAja)\n.post('/sales')\n.set('Authorization', `Bearer ${globalToken}`)\n.send(addSales)\n\nexpect((await response).status).to.equal(201)\nexpect((await response).body.message).to.equal('transaksi ditambahkan')\nexpect((await response).body.status).to.equal('success')\nsalesID = ((await response).body.data.saleId)",
              "err": {},
              "uuid": "39915f58-aee8-4515-a5e1-643af003f392",
              "parentUUID": "54a2e23f-3650-4f87-b53c-66443455ebe4",
              "isHook": false,
              "skipped": false
            },
            {
              "title": "Get sales order data",
              "fullTitle": "Transaction Get sales order data",
              "timedOut": false,
              "duration": 356,
              "state": "passed",
              "speed": "slow",
              "pass": true,
              "fail": false,
              "pending": false,
              "context": null,
              "code": "const response = await request(baseUrlKasirAja)\n.get(`/sales/${salesID}`)\n.set('Authorization', `Bearer ${globalToken}`)\nconsole.log(((await response).body));\nexpect((await response).status).to.equal(200)",
              "err": {},
              "uuid": "060b7846-5eb4-4c62-9062-14ccf973d536",
              "parentUUID": "54a2e23f-3650-4f87-b53c-66443455ebe4",
              "isHook": false,
              "skipped": false
            },
            {
              "title": "Add transaction",
              "fullTitle": "Transaction Add transaction",
              "timedOut": false,
              "duration": 190,
              "state": "passed",
              "speed": "slow",
              "pass": true,
              "fail": false,
              "pending": false,
              "context": null,
              "code": "const response = await request(baseUrlKasirAja)\n.post(`/purchases`)\n.set('Authorization', `Bearer ${globalToken}`)\n.send(transaction)\nexpect((await response).status).to.equal(201)\nexpect((await response).body.status).to.equal('success')\nexpect((await response).body.message).to.equal('transaksi ditambahkan')\npurchaseID = ((await response).body.data.purchaseId);",
              "err": {},
              "uuid": "19160e7e-e601-490a-8d60-49f29d05a7fc",
              "parentUUID": "54a2e23f-3650-4f87-b53c-66443455ebe4",
              "isHook": false,
              "skipped": false
            },
            {
              "title": "Get list of transaction",
              "fullTitle": "Transaction Get list of transaction",
              "timedOut": false,
              "duration": 238,
              "state": "passed",
              "speed": "slow",
              "pass": true,
              "fail": false,
              "pending": false,
              "context": null,
              "code": "const response = await request(baseUrlKasirAja)\n.get(`/purchases`)\n.set('Authorization', `Bearer ${globalToken}`)\nexpect((await response).body.status).to.equal('success')\nexpect((await response).status).to.equal(200)",
              "err": {},
              "uuid": "a246d96e-cbd7-4c1f-8511-c822e1b87135",
              "parentUUID": "54a2e23f-3650-4f87-b53c-66443455ebe4",
              "isHook": false,
              "skipped": false
            },
            {
              "title": "Get transaction detail",
              "fullTitle": "Transaction Get transaction detail",
              "timedOut": false,
              "duration": 200,
              "state": "passed",
              "speed": "slow",
              "pass": true,
              "fail": false,
              "pending": false,
              "context": null,
              "code": "const response = await request(baseUrlKasirAja)\n.get(`/purchases/${purchaseID}`)\n.set('Authorization', `Bearer ${globalToken}`)\nexpect((await response).body.status).to.equal('success')\nexpect((await response).status).to.equal(200)",
              "err": {},
              "uuid": "853456ce-f6d9-4135-a681-3e7fcd4dfc18",
              "parentUUID": "54a2e23f-3650-4f87-b53c-66443455ebe4",
              "isHook": false,
              "skipped": false
            }
          ],
          "suites": [],
          "passes": [
            "39915f58-aee8-4515-a5e1-643af003f392",
            "060b7846-5eb4-4c62-9062-14ccf973d536",
            "19160e7e-e601-490a-8d60-49f29d05a7fc",
            "a246d96e-cbd7-4c1f-8511-c822e1b87135",
            "853456ce-f6d9-4135-a681-3e7fcd4dfc18"
          ],
          "failures": [],
          "pending": [],
          "skipped": [],
          "duration": 1202,
          "root": false,
          "rootEmpty": false,
          "_timeout": 2000
        }
      ],
      "passes": [],
      "failures": [],
      "pending": [],
      "skipped": [],
      "duration": 0,
      "root": true,
      "rootEmpty": true,
      "_timeout": 2000
    }
  ],
  "meta": {
    "mocha": {
      "version": "10.3.0"
    },
    "mochawesome": {
      "options": {
        "quiet": false,
        "reportFilename": "mochawesome",
        "saveHtml": true,
        "saveJson": true,
        "consoleReporter": "spec",
        "useInlineDiffs": false,
        "code": true
      },
      "version": "7.1.3"
    },
    "marge": {
      "options": null,
      "version": "6.2.0"
    }
  }
}